

Started GET "/login" for ::1 at 2016-08-10 15:03:29 -0400
  [1m[36mActiveRecord::SchemaMigration Load (25.7ms)[0m  [1mSELECT "schema_migrations".* FROM "schema_migrations"[0m

ActionController::RoutingError (No route matches [GET] "/login"):
  actionpack (4.2.6) lib/action_dispatch/middleware/debug_exceptions.rb:21:in `call'
  web-console (2.3.0) lib/web_console/middleware.rb:28:in `block in call'
  web-console (2.3.0) lib/web_console/middleware.rb:18:in `catch'
  web-console (2.3.0) lib/web_console/middleware.rb:18:in `call'
  actionpack (4.2.6) lib/action_dispatch/middleware/show_exceptions.rb:30:in `call'
  railties (4.2.6) lib/rails/rack/logger.rb:38:in `call_app'
  railties (4.2.6) lib/rails/rack/logger.rb:20:in `block in call'
  activesupport (4.2.6) lib/active_support/tagged_logging.rb:68:in `block in tagged'
  activesupport (4.2.6) lib/active_support/tagged_logging.rb:26:in `tagged'
  activesupport (4.2.6) lib/active_support/tagged_logging.rb:68:in `tagged'
  railties (4.2.6) lib/rails/rack/logger.rb:20:in `call'
  actionpack (4.2.6) lib/action_dispatch/middleware/request_id.rb:21:in `call'
  rack (1.6.4) lib/rack/methodoverride.rb:22:in `call'
  rack (1.6.4) lib/rack/runtime.rb:18:in `call'
  activesupport (4.2.6) lib/active_support/cache/strategy/local_cache_middleware.rb:28:in `call'
  rack (1.6.4) lib/rack/lock.rb:17:in `call'
  actionpack (4.2.6) lib/action_dispatch/middleware/static.rb:120:in `call'
  rack (1.6.4) lib/rack/sendfile.rb:113:in `call'
  railties (4.2.6) lib/rails/engine.rb:518:in `call'
  railties (4.2.6) lib/rails/application.rb:165:in `call'
  rack (1.6.4) lib/rack/lock.rb:17:in `call'
  rack (1.6.4) lib/rack/content_length.rb:15:in `call'
  rack (1.6.4) lib/rack/handler/webrick.rb:88:in `service'
  /Users/McAlister/.rbenv/versions/2.2.4/lib/ruby/2.2.0/webrick/httpserver.rb:138:in `service'
  /Users/McAlister/.rbenv/versions/2.2.4/lib/ruby/2.2.0/webrick/httpserver.rb:94:in `run'
  /Users/McAlister/.rbenv/versions/2.2.4/lib/ruby/2.2.0/webrick/server.rb:294:in `block in start_thread'


  Rendered /Users/McAlister/.rbenv/versions/2.2.4/lib/ruby/gems/2.2.0/gems/actionpack-4.2.6/lib/action_dispatch/middleware/templates/rescues/_trace.html.erb (1.0ms)
  Rendered /Users/McAlister/.rbenv/versions/2.2.4/lib/ruby/gems/2.2.0/gems/actionpack-4.2.6/lib/action_dispatch/middleware/templates/routes/_route.html.erb (1.5ms)
  Rendered /Users/McAlister/.rbenv/versions/2.2.4/lib/ruby/gems/2.2.0/gems/actionpack-4.2.6/lib/action_dispatch/middleware/templates/routes/_table.html.erb (6.7ms)
  Rendered /Users/McAlister/.rbenv/versions/2.2.4/lib/ruby/gems/2.2.0/gems/actionpack-4.2.6/lib/action_dispatch/middleware/templates/rescues/_request_and_response.html.erb (8.2ms)
  Rendered /Users/McAlister/.rbenv/versions/2.2.4/lib/ruby/gems/2.2.0/gems/actionpack-4.2.6/lib/action_dispatch/middleware/templates/rescues/routing_error.html.erb within rescues/layout (94.3ms)
  Rendered /Users/McAlister/.rbenv/versions/2.2.4/lib/ruby/gems/2.2.0/gems/web-console-2.3.0/lib/web_console/templates/_markup.html.erb (0.7ms)
  Rendered /Users/McAlister/.rbenv/versions/2.2.4/lib/ruby/gems/2.2.0/gems/web-console-2.3.0/lib/web_console/templates/_inner_console_markup.html.erb within layouts/inlined_string (0.3ms)
  Rendered /Users/McAlister/.rbenv/versions/2.2.4/lib/ruby/gems/2.2.0/gems/web-console-2.3.0/lib/web_console/templates/_prompt_box_markup.html.erb within layouts/inlined_string (0.3ms)
  Rendered /Users/McAlister/.rbenv/versions/2.2.4/lib/ruby/gems/2.2.0/gems/web-console-2.3.0/lib/web_console/templates/style.css.erb within layouts/inlined_string (0.4ms)
  Rendered /Users/McAlister/.rbenv/versions/2.2.4/lib/ruby/gems/2.2.0/gems/web-console-2.3.0/lib/web_console/templates/console.js.erb within layouts/javascript (53.4ms)
  Rendered /Users/McAlister/.rbenv/versions/2.2.4/lib/ruby/gems/2.2.0/gems/web-console-2.3.0/lib/web_console/templates/main.js.erb within layouts/javascript (0.3ms)
  Rendered /Users/McAlister/.rbenv/versions/2.2.4/lib/ruby/gems/2.2.0/gems/web-console-2.3.0/lib/web_console/templates/error_page.js.erb within layouts/javascript (0.4ms)
  Rendered /Users/McAlister/.rbenv/versions/2.2.4/lib/ruby/gems/2.2.0/gems/web-console-2.3.0/lib/web_console/templates/index.html.erb (113.4ms)


Started GET "/signup" for ::1 at 2016-08-10 15:03:41 -0400
Processing by UsersController#new as HTML
  Rendered users/_form.html.erb (17.8ms)
  Rendered users/new.html.erb within layouts/application (20.4ms)
Completed 200 OK in 1124ms (Views: 1077.8ms | ActiveRecord: 29.4ms)


Started GET "/assets/dvds.self-e3b0c44298fc1c149afbf4c8996fb92427ae41e4649b934ca495991b7852b855.css?body=1" for ::1 at 2016-08-10 15:03:42 -0400


Started GET "/assets/scaffolds.self-a05879980fba9130f4f6ecae5787a8f029bad780a032629cc25e45b242afc333.css?body=1" for ::1 at 2016-08-10 15:03:42 -0400


Started GET "/assets/static_pages.self-e3b0c44298fc1c149afbf4c8996fb92427ae41e4649b934ca495991b7852b855.css?body=1" for ::1 at 2016-08-10 15:03:42 -0400


Started GET "/assets/sessions.self-e3b0c44298fc1c149afbf4c8996fb92427ae41e4649b934ca495991b7852b855.css?body=1" for ::1 at 2016-08-10 15:03:42 -0400


Started GET "/assets/videos.self-e3b0c44298fc1c149afbf4c8996fb92427ae41e4649b934ca495991b7852b855.css?body=1" for ::1 at 2016-08-10 15:03:42 -0400


Started GET "/assets/users.self-e3b0c44298fc1c149afbf4c8996fb92427ae41e4649b934ca495991b7852b855.css?body=1" for ::1 at 2016-08-10 15:03:42 -0400


Started GET "/assets/application.self-87fcb1f370c61218df32176c7aa403b5dcd520ad19ec1a95838fda774e695a03.css?body=1" for ::1 at 2016-08-10 15:03:42 -0400


Started GET "/assets/jquery.self-660adc51e0224b731d29f575a6f1ec167ba08ad06ed5deca4f1e8654c135bf4c.js?body=1" for ::1 at 2016-08-10 15:03:42 -0400


Started GET "/assets/jquery_ujs.self-e87806d0cf4489aeb1bb7288016024e8de67fd18db693fe026fe3907581e53cd.js?body=1" for ::1 at 2016-08-10 15:03:42 -0400


Started GET "/assets/turbolinks.self-c37727e9bd6b2735da5c311aa83fead54ed0be6cc8bd9a65309e9c5abe2cbfff.js?body=1" for ::1 at 2016-08-10 15:03:42 -0400


Started GET "/assets/dvds.self-877aef30ae1b040ab8a3aba4e3e309a11d7f2612f44dde450b5c157aa5f95c05.js?body=1" for ::1 at 2016-08-10 15:03:42 -0400


Started GET "/assets/sessions.self-877aef30ae1b040ab8a3aba4e3e309a11d7f2612f44dde450b5c157aa5f95c05.js?body=1" for ::1 at 2016-08-10 15:03:42 -0400


Started GET "/assets/static_pages.self-877aef30ae1b040ab8a3aba4e3e309a11d7f2612f44dde450b5c157aa5f95c05.js?body=1" for ::1 at 2016-08-10 15:03:42 -0400


Started GET "/assets/users.self-877aef30ae1b040ab8a3aba4e3e309a11d7f2612f44dde450b5c157aa5f95c05.js?body=1" for ::1 at 2016-08-10 15:03:42 -0400


Started GET "/assets/videos.self-877aef30ae1b040ab8a3aba4e3e309a11d7f2612f44dde450b5c157aa5f95c05.js?body=1" for ::1 at 2016-08-10 15:03:42 -0400


Started GET "/assets/application.self-3b8dabdc891efe46b9a144b400ad69e37d7e5876bdc39dee783419a69d7ca819.js?body=1" for ::1 at 2016-08-10 15:03:42 -0400


Started POST "/users" for ::1 at 2016-08-10 15:06:27 -0400
Processing by UsersController#create as HTML
  Parameters: {"utf8"=>"✓", "authenticity_token"=>"NLgGiuTigej8XBYp5KyIXxhmP978VBTwC6rywID6riGFasjr+rNDT+lYC6IvbX5AgGs3p3OYCW/fS2rnmnt4uQ==", "user"=>{"name"=>"Jimm", "email"=>"jc@gov.ga", "address"=>"Gov Mansion, ATl", "age"=>"81", "dob"=>"", "photo_url"=>"", "password"=>"[FILTERED]", "password_confirmation"=>"[FILTERED]"}, "commit"=>"Create User"}
  [1m[35m (0.1ms)[0m  BEGIN
  [1m[36mUser Exists (24.9ms)[0m  [1mSELECT  1 AS one FROM "users" WHERE LOWER("users"."email") = LOWER('jc@gov.ga') LIMIT 1[0m
  [1m[35m (0.1ms)[0m  ROLLBACK
  Rendered users/_form.html.erb (3.7ms)
  Rendered users/new.html.erb within layouts/application (4.8ms)
Completed 200 OK in 65ms (Views: 22.9ms | ActiveRecord: 25.2ms)


Started POST "/users" for ::1 at 2016-08-10 15:07:01 -0400
Processing by UsersController#create as HTML
  Parameters: {"utf8"=>"✓", "authenticity_token"=>"wergv3+L+0/YOmLB0lPvrwSuRcGWIOk3NJvD4ZA7XEFwOC7eYdo56M0+f0oZkhmwnKNNuBns9KjgelvGirqK2Q==", "user"=>{"name"=>"Jimm", "email"=>"jc@gov.ga", "address"=>"Gov Mansion, ATl", "age"=>"81", "dob"=>"", "photo_url"=>"", "password"=>"[FILTERED]", "password_confirmation"=>"[FILTERED]"}, "commit"=>"Create User"}
  [1m[36m (0.2ms)[0m  [1mBEGIN[0m
  [1m[35mUser Exists (0.3ms)[0m  SELECT  1 AS one FROM "users" WHERE LOWER("users"."email") = LOWER('jc@gov.ga') LIMIT 1
  [1m[36m (0.1ms)[0m  [1mROLLBACK[0m
  Rendered users/_form.html.erb (3.4ms)
  Rendered users/new.html.erb within layouts/application (4.4ms)
Completed 200 OK in 86ms (Views: 22.3ms | ActiveRecord: 0.6ms)


Started POST "/users" for ::1 at 2016-08-10 15:07:33 -0400
Processing by UsersController#create as HTML
  Parameters: {"utf8"=>"✓", "authenticity_token"=>"zBu7FIPdsPr6hHn3BHash2Gy/IZccAUz+WiM4prYnOp9yXV1nYxyXe+AZHzPt1qY+b/0/9O8GKwtiRTFgFlKcg==", "user"=>{"name"=>"Jimm", "email"=>"jc@gov.ga", "address"=>"Gov Mansion, ATl", "age"=>"81", "dob"=>"", "photo_url"=>"", "password"=>"[FILTERED]", "password_confirmation"=>"[FILTERED]"}, "commit"=>"Create User"}
  [1m[35m (0.1ms)[0m  BEGIN
  [1m[36mUser Exists (0.3ms)[0m  [1mSELECT  1 AS one FROM "users" WHERE LOWER("users"."email") = LOWER('jc@gov.ga') LIMIT 1[0m
  [1m[35m (0.1ms)[0m  ROLLBACK
  Rendered users/_form.html.erb (2.9ms)
  Rendered users/new.html.erb within layouts/application (4.0ms)
Completed 200 OK in 83ms (Views: 20.9ms | ActiveRecord: 0.5ms)


Started POST "/users" for ::1 at 2016-08-10 15:21:14 -0400
Processing by UsersController#create as HTML
  Parameters: {"utf8"=>"✓", "authenticity_token"=>"y6mmvDv5GUqx1ycKMuGMTBdRljUnnbkHftJu7jFmmYZ6e2jdJajb7aTTOoH5IHpTj1yeTKhRpJiqM/bJK+dPHg==", "user"=>{"name"=>"Jimm", "email"=>"jc@gov.ga", "address"=>"Gov Mansion, ATl", "age"=>"81", "dob"=>"", "photo_url"=>"", "password"=>"[FILTERED]", "password_confirmation"=>"[FILTERED]"}, "commit"=>"Create User"}
  [1m[36m (0.1ms)[0m  [1mBEGIN[0m
  [1m[35mUser Exists (0.3ms)[0m  SELECT  1 AS one FROM "users" WHERE LOWER("users"."email") = LOWER('jc@gov.ga') LIMIT 1
  [1m[36mSQL (1.3ms)[0m  [1mINSERT INTO "users" ("name", "email", "password_digest", "address", "age", "photo_url", "created_at", "updated_at") VALUES ($1, $2, $3, $4, $5, $6, $7, $8) RETURNING "id"[0m  [["name", "Jimm"], ["email", "jc@gov.ga"], ["password_digest", "$2a$10$t/0EYgABE8RSlQzrsjjsG.GnjIsEbEOCzUlmDvu36R4/b3xVVSn6m"], ["address", "Gov Mansion, ATl"], ["age", 81], ["photo_url", ""], ["created_at", "2016-08-10 19:21:14.382204"], ["updated_at", "2016-08-10 19:21:14.382204"]]
  [1m[35m (0.4ms)[0m  COMMIT
  [1m[36m (0.1ms)[0m  [1mBEGIN[0m
  [1m[35mSQL (13.9ms)[0m  UPDATE "users" SET "remember_token" = $1, "updated_at" = $2 WHERE "users"."id" = $3  [["remember_token", "533f643088dead38f61c62f2d23f517cf4fc3192"], ["updated_at", "2016-08-10 19:21:14.389016"], ["id", 14]]
  [1m[36m (6.3ms)[0m  [1mCOMMIT[0m
Redirected to http://localhost:3000/
Completed 302 Found in 94ms (ActiveRecord: 22.5ms)


Started GET "/" for ::1 at 2016-08-10 15:21:14 -0400
Processing by StaticPagesController#home as HTML
  [1m[35mUser Load (0.2ms)[0m  SELECT  "users".* FROM "users" WHERE "users"."remember_token" = $1 LIMIT 1  [["remember_token", "533f643088dead38f61c62f2d23f517cf4fc3192"]]
Redirected to http://localhost:3000/dvds
Completed 302 Found in 3ms (ActiveRecord: 0.2ms)


Started GET "/dvds" for ::1 at 2016-08-10 15:21:14 -0400
Processing by DvdsController#index as HTML
  [1m[36mUser Load (0.2ms)[0m  [1mSELECT  "users".* FROM "users" WHERE "users"."remember_token" = $1 LIMIT 1[0m  [["remember_token", "533f643088dead38f61c62f2d23f517cf4fc3192"]]
  [1m[35mDvd Load (18.3ms)[0m  SELECT "dvds".* FROM "dvds" WHERE "dvds"."user_id" = $1  ORDER BY "dvds"."id" ASC  [["user_id", 14]]
  Rendered dvds/index.html.erb within layouts/application (27.8ms)
Completed 200 OK in 69ms (Views: 33.7ms | ActiveRecord: 19.0ms)


Started GET "/users" for ::1 at 2016-08-10 15:22:08 -0400
Processing by UsersController#index as HTML
  [1m[36mUser Load (0.3ms)[0m  [1mSELECT  "users".* FROM "users" WHERE "users"."remember_token" = $1 LIMIT 1[0m  [["remember_token", "533f643088dead38f61c62f2d23f517cf4fc3192"]]
  [1m[35mUser Load (0.3ms)[0m  SELECT "users".* FROM "users"  ORDER BY "users"."id" ASC
  Rendered users/index.html.erb within layouts/application (4.3ms)
Completed 200 OK in 26ms (Views: 24.2ms | ActiveRecord: 0.6ms)


Started GET "/signout" for ::1 at 2016-08-10 15:22:25 -0400
Processing by SessionsController#destroy as HTML
  [1m[36mUser Load (0.2ms)[0m  [1mSELECT  "users".* FROM "users" WHERE "users"."remember_token" = $1 LIMIT 1[0m  [["remember_token", "533f643088dead38f61c62f2d23f517cf4fc3192"]]
  [1m[35m (0.1ms)[0m  BEGIN
  [1m[36mSQL (0.2ms)[0m  [1mUPDATE "users" SET "remember_token" = $1, "updated_at" = $2 WHERE "users"."id" = $3[0m  [["remember_token", "4bef34a2a11ba2094cfac6c3d0f44c324c8168f3"], ["updated_at", "2016-08-10 19:22:25.920814"], ["id", 14]]
  [1m[35m (6.2ms)[0m  COMMIT
Redirected to http://localhost:3000/
Completed 302 Found in 11ms (ActiveRecord: 6.7ms)


Started GET "/" for ::1 at 2016-08-10 15:22:25 -0400
Processing by StaticPagesController#home as HTML
  [1m[36mUser Load (0.2ms)[0m  [1mSELECT  "users".* FROM "users" WHERE "users"."remember_token" = $1 LIMIT 1[0m  [["remember_token", "da39a3ee5e6b4b0d3255bfef95601890afd80709"]]
  Rendered static_pages/home.html.erb within layouts/application (0.8ms)
Completed 200 OK in 24ms (Views: 22.6ms | ActiveRecord: 0.2ms)


Started GET "/signin" for ::1 at 2016-08-10 15:22:29 -0400
Processing by SessionsController#new as HTML
  Rendered sessions/new.html.erb within layouts/application (1.3ms)
Completed 200 OK in 25ms (Views: 24.8ms | ActiveRecord: 0.0ms)


Started POST "/sessions" for ::1 at 2016-08-10 15:22:35 -0400
Processing by SessionsController#create as HTML
  Parameters: {"utf8"=>"✓", "authenticity_token"=>"cqSNhF0uidC05Ib5fJf2N98nEqokZCp/VYgVI1haNt7DdkPlQ39Ld6Hgm3K3VgAoRyoa06uoN+CBaY0EQtvgRg==", "session"=>{"email"=>"govnr@ga.gov", "password"=>"[FILTERED]"}, "commit"=>"Sign in"}
  [1m[35mUser Load (0.2ms)[0m  SELECT  "users".* FROM "users" WHERE "users"."email" = $1 LIMIT 1  [["email", "govnr@ga.gov"]]
  [1m[36m (0.1ms)[0m  [1mBEGIN[0m
  [1m[35mSQL (0.3ms)[0m  UPDATE "users" SET "remember_token" = $1, "updated_at" = $2 WHERE "users"."id" = $3  [["remember_token", "ca2f896c51ee2b95d42a518af9656ce26e58212d"], ["updated_at", "2016-08-10 19:22:35.207430"], ["id", 10]]
  [1m[36m (1.1ms)[0m  [1mCOMMIT[0m
Redirected to http://localhost:3000/dvds
Completed 302 Found in 63ms (ActiveRecord: 1.7ms)


Started GET "/dvds" for ::1 at 2016-08-10 15:22:35 -0400
Processing by DvdsController#index as HTML
  [1m[35mUser Load (0.2ms)[0m  SELECT  "users".* FROM "users" WHERE "users"."remember_token" = $1 LIMIT 1  [["remember_token", "ca2f896c51ee2b95d42a518af9656ce26e58212d"]]
  [1m[36mDvd Load (0.3ms)[0m  [1mSELECT "dvds".* FROM "dvds" WHERE "dvds"."user_id" = $1  ORDER BY "dvds"."id" ASC[0m  [["user_id", 10]]
  [1m[35mUser Load (0.2ms)[0m  SELECT  "users".* FROM "users" WHERE "users"."id" = $1 LIMIT 1  [["id", 10]]
  Rendered dvds/index.html.erb within layouts/application (8.2ms)
Completed 200 OK in 26ms (Views: 23.9ms | ActiveRecord: 1.1ms)


Started GET "/about" for ::1 at 2016-08-10 15:22:45 -0400
Processing by StaticPagesController#about as HTML
  [1m[36mVideo Load (19.6ms)[0m  [1mSELECT "videos".* FROM "videos"  ORDER BY "videos"."title" ASC[0m
  Rendered static_pages/about.html.erb within layouts/application (26.2ms)
Completed 200 OK in 45ms (Views: 22.2ms | ActiveRecord: 20.9ms)


Started GET "/" for ::1 at 2016-08-10 15:24:07 -0400
Processing by StaticPagesController#home as HTML
  [1m[35mUser Load (0.1ms)[0m  SELECT  "users".* FROM "users" WHERE "users"."remember_token" = $1 LIMIT 1  [["remember_token", "ca2f896c51ee2b95d42a518af9656ce26e58212d"]]
Redirected to http://localhost:3000/dvds
Completed 302 Found in 1ms (ActiveRecord: 0.1ms)


Started GET "/dvds" for ::1 at 2016-08-10 15:24:07 -0400
Processing by DvdsController#index as HTML
  [1m[36mUser Load (0.2ms)[0m  [1mSELECT  "users".* FROM "users" WHERE "users"."remember_token" = $1 LIMIT 1[0m  [["remember_token", "ca2f896c51ee2b95d42a518af9656ce26e58212d"]]
  [1m[35mDvd Load (0.2ms)[0m  SELECT "dvds".* FROM "dvds" WHERE "dvds"."user_id" = $1  ORDER BY "dvds"."id" ASC  [["user_id", 10]]
  [1m[36mUser Load (0.2ms)[0m  [1mSELECT  "users".* FROM "users" WHERE "users"."id" = $1 LIMIT 1[0m  [["id", 10]]
  Rendered dvds/index.html.erb within layouts/application (2.9ms)
Completed 200 OK in 23ms (Views: 21.2ms | ActiveRecord: 0.6ms)


Started GET "/dvds/19" for ::1 at 2016-08-10 15:24:12 -0400
Processing by DvdsController#show as HTML
  Parameters: {"id"=>"19"}
  [1m[35mUser Load (0.2ms)[0m  SELECT  "users".* FROM "users" WHERE "users"."remember_token" = $1 LIMIT 1  [["remember_token", "ca2f896c51ee2b95d42a518af9656ce26e58212d"]]
  [1m[36mDvd Load (0.2ms)[0m  [1mSELECT  "dvds".* FROM "dvds" WHERE "dvds"."id" = $1 LIMIT 1[0m  [["id", 19]]
  [1m[35mDvd Load (0.3ms)[0m  SELECT  "dvds".* FROM "dvds" WHERE "dvds"."user_id" = $1 AND "dvds"."id" = $2 LIMIT 1  [["user_id", 10], ["id", 19]]
  [1m[36mUser Load (0.3ms)[0m  [1mSELECT  "users".* FROM "users" WHERE "users"."id" = $1 LIMIT 1[0m  [["id", 10]]
  Rendered dvds/show.html.erb within layouts/application (2.4ms)
Completed 200 OK in 39ms (Views: 33.6ms | ActiveRecord: 1.0ms)


Started GET "/dvds/19/videos" for ::1 at 2016-08-10 15:24:16 -0400
Processing by VideosController#index as HTML
  Parameters: {"dvd_id"=>"19"}
  [1m[35mUser Load (0.2ms)[0m  SELECT  "users".* FROM "users" WHERE "users"."remember_token" = $1 LIMIT 1  [["remember_token", "ca2f896c51ee2b95d42a518af9656ce26e58212d"]]
  [1m[36mDvd Load (0.2ms)[0m  [1mSELECT  "dvds".* FROM "dvds" WHERE "dvds"."id" = $1 LIMIT 1[0m  [["id", 19]]
  [1m[35mVideo Load (0.2ms)[0m  SELECT "videos".* FROM "videos" WHERE "videos"."dvd_id" = $1  [["dvd_id", 19]]
  Rendered videos/index.html.erb within layouts/application (3.8ms)
Completed 200 OK in 26ms (Views: 24.0ms | ActiveRecord: 0.6ms)


Started GET "/about" for ::1 at 2016-08-10 15:24:20 -0400
Processing by StaticPagesController#about as HTML
  [1m[36mVideo Load (0.4ms)[0m  [1mSELECT "videos".* FROM "videos"  ORDER BY "videos"."title" ASC[0m
  Rendered static_pages/about.html.erb within layouts/application (1.7ms)
Completed 200 OK in 21ms (Views: 20.3ms | ActiveRecord: 0.4ms)


Started GET "/" for ::1 at 2016-08-10 15:24:22 -0400
Processing by StaticPagesController#home as HTML
  [1m[35mUser Load (0.2ms)[0m  SELECT  "users".* FROM "users" WHERE "users"."remember_token" = $1 LIMIT 1  [["remember_token", "ca2f896c51ee2b95d42a518af9656ce26e58212d"]]
Redirected to http://localhost:3000/dvds
Completed 302 Found in 2ms (ActiveRecord: 0.2ms)


Started GET "/dvds" for ::1 at 2016-08-10 15:24:22 -0400
Processing by DvdsController#index as HTML
  [1m[36mUser Load (0.2ms)[0m  [1mSELECT  "users".* FROM "users" WHERE "users"."remember_token" = $1 LIMIT 1[0m  [["remember_token", "ca2f896c51ee2b95d42a518af9656ce26e58212d"]]
  [1m[35mDvd Load (0.2ms)[0m  SELECT "dvds".* FROM "dvds" WHERE "dvds"."user_id" = $1  ORDER BY "dvds"."id" ASC  [["user_id", 10]]
  [1m[36mUser Load (0.2ms)[0m  [1mSELECT  "users".* FROM "users" WHERE "users"."id" = $1 LIMIT 1[0m  [["id", 10]]
  Rendered dvds/index.html.erb within layouts/application (2.1ms)
Completed 200 OK in 22ms (Views: 19.7ms | ActiveRecord: 0.6ms)


Started GET "/users" for ::1 at 2016-08-10 15:24:25 -0400
Processing by UsersController#index as HTML
  [1m[35mUser Load (0.2ms)[0m  SELECT  "users".* FROM "users" WHERE "users"."remember_token" = $1 LIMIT 1  [["remember_token", "ca2f896c51ee2b95d42a518af9656ce26e58212d"]]
  [1m[36mUser Load (0.3ms)[0m  [1mSELECT "users".* FROM "users"  ORDER BY "users"."id" ASC[0m
  Rendered users/index.html.erb within layouts/application (3.7ms)
Completed 200 OK in 23ms (Views: 21.7ms | ActiveRecord: 0.5ms)
